{"total": {"lines":{"total":6407,"covered":5872,"skipped":0,"pct":91.64},"statements":{"total":6407,"covered":5872,"skipped":0,"pct":91.64},"functions":{"total":189,"covered":187,"skipped":0,"pct":98.94},"branches":{"total":1932,"covered":1427,"skipped":0,"pct":73.86},"branchesTrue":{"total":0,"covered":0,"skipped":0,"pct":100}}
,"/Users/simun/Code/consensus-builder/backend/index.js": {"lines":{"total":234,"covered":198,"skipped":0,"pct":84.61},"functions":{"total":14,"covered":12,"skipped":0,"pct":85.71},"statements":{"total":234,"covered":198,"skipped":0,"pct":84.61},"branches":{"total":69,"covered":50,"skipped":0,"pct":72.46}}
,"/Users/simun/Code/consensus-builder/backend/routes/ads.js": {"lines":{"total":198,"covered":189,"skipped":0,"pct":95.45},"functions":{"total":4,"covered":4,"skipped":0,"pct":100},"statements":{"total":198,"covered":189,"skipped":0,"pct":95.45},"branches":{"total":51,"covered":44,"skipped":0,"pct":86.27}}
,"/Users/simun/Code/consensus-builder/backend/routes/area-monitors.js": {"lines":{"total":404,"covered":388,"skipped":0,"pct":96.03},"functions":{"total":7,"covered":7,"skipped":0,"pct":100},"statements":{"total":404,"covered":388,"skipped":0,"pct":96.03},"branches":{"total":102,"covered":82,"skipped":0,"pct":80.39}}
,"/Users/simun/Code/consensus-builder/backend/routes/assets.js": {"lines":{"total":120,"covered":117,"skipped":0,"pct":97.5},"functions":{"total":4,"covered":4,"skipped":0,"pct":100},"statements":{"total":120,"covered":117,"skipped":0,"pct":97.5},"branches":{"total":24,"covered":20,"skipped":0,"pct":83.33}}
,"/Users/simun/Code/consensus-builder/backend/routes/buildings.js": {"lines":{"total":82,"covered":80,"skipped":0,"pct":97.56},"functions":{"total":1,"covered":1,"skipped":0,"pct":100},"statements":{"total":82,"covered":80,"skipped":0,"pct":97.56},"branches":{"total":16,"covered":14,"skipped":0,"pct":87.5}}
,"/Users/simun/Code/consensus-builder/backend/routes/city-stats.js": {"lines":{"total":485,"covered":441,"skipped":0,"pct":90.92},"functions":{"total":16,"covered":16,"skipped":0,"pct":100},"statements":{"total":485,"covered":441,"skipped":0,"pct":90.92},"branches":{"total":157,"covered":121,"skipped":0,"pct":77.07}}
,"/Users/simun/Code/consensus-builder/backend/routes/docs.js": {"lines":{"total":330,"covered":293,"skipped":0,"pct":88.78},"functions":{"total":2,"covered":2,"skipped":0,"pct":100},"statements":{"total":330,"covered":293,"skipped":0,"pct":88.78},"branches":{"total":15,"covered":10,"skipped":0,"pct":66.66}}
,"/Users/simun/Code/consensus-builder/backend/routes/file-storage.js": {"lines":{"total":137,"covered":135,"skipped":0,"pct":98.54},"functions":{"total":4,"covered":4,"skipped":0,"pct":100},"statements":{"total":137,"covered":135,"skipped":0,"pct":98.54},"branches":{"total":31,"covered":23,"skipped":0,"pct":74.19}}
,"/Users/simun/Code/consensus-builder/backend/routes/geo.js": {"lines":{"total":111,"covered":106,"skipped":0,"pct":95.49},"functions":{"total":7,"covered":7,"skipped":0,"pct":100},"statements":{"total":111,"covered":106,"skipped":0,"pct":95.49},"branches":{"total":52,"covered":33,"skipped":0,"pct":63.46}}
,"/Users/simun/Code/consensus-builder/backend/routes/health.js": {"lines":{"total":6,"covered":6,"skipped":0,"pct":100},"functions":{"total":1,"covered":1,"skipped":0,"pct":100},"statements":{"total":6,"covered":6,"skipped":0,"pct":100},"branches":{"total":2,"covered":2,"skipped":0,"pct":100}}
,"/Users/simun/Code/consensus-builder/backend/routes/ipfs.js": {"lines":{"total":139,"covered":134,"skipped":0,"pct":96.4},"functions":{"total":4,"covered":4,"skipped":0,"pct":100},"statements":{"total":139,"covered":134,"skipped":0,"pct":96.4},"branches":{"total":30,"covered":23,"skipped":0,"pct":76.66}}
,"/Users/simun/Code/consensus-builder/backend/routes/land-uses.js": {"lines":{"total":83,"covered":83,"skipped":0,"pct":100},"functions":{"total":1,"covered":1,"skipped":0,"pct":100},"statements":{"total":83,"covered":83,"skipped":0,"pct":100},"branches":{"total":23,"covered":23,"skipped":0,"pct":100}}
,"/Users/simun/Code/consensus-builder/backend/routes/objects.js": {"lines":{"total":117,"covered":115,"skipped":0,"pct":98.29},"functions":{"total":5,"covered":5,"skipped":0,"pct":100},"statements":{"total":117,"covered":115,"skipped":0,"pct":98.29},"branches":{"total":35,"covered":29,"skipped":0,"pct":82.85}}
,"/Users/simun/Code/consensus-builder/backend/routes/parcel-ba.js": {"lines":{"total":412,"covered":371,"skipped":0,"pct":90.04},"functions":{"total":10,"covered":10,"skipped":0,"pct":100},"statements":{"total":412,"covered":371,"skipped":0,"pct":90.04},"branches":{"total":141,"covered":104,"skipped":0,"pct":73.75}}
,"/Users/simun/Code/consensus-builder/backend/routes/parcel-bg.js": {"lines":{"total":302,"covered":276,"skipped":0,"pct":91.39},"functions":{"total":11,"covered":11,"skipped":0,"pct":100},"statements":{"total":302,"covered":276,"skipped":0,"pct":91.39},"branches":{"total":121,"covered":86,"skipped":0,"pct":71.07}}
,"/Users/simun/Code/consensus-builder/backend/routes/parcel-co.js": {"lines":{"total":304,"covered":292,"skipped":0,"pct":96.05},"functions":{"total":15,"covered":15,"skipped":0,"pct":100},"statements":{"total":304,"covered":292,"skipped":0,"pct":96.05},"branches":{"total":113,"covered":83,"skipped":0,"pct":73.45}}
,"/Users/simun/Code/consensus-builder/backend/routes/parcel-lj.js": {"lines":{"total":337,"covered":277,"skipped":0,"pct":82.19},"functions":{"total":7,"covered":7,"skipped":0,"pct":100},"statements":{"total":337,"covered":277,"skipped":0,"pct":82.19},"branches":{"total":97,"covered":70,"skipped":0,"pct":72.16}}
,"/Users/simun/Code/consensus-builder/backend/routes/parcel-nyc.js": {"lines":{"total":295,"covered":283,"skipped":0,"pct":95.93},"functions":{"total":15,"covered":15,"skipped":0,"pct":100},"statements":{"total":295,"covered":283,"skipped":0,"pct":95.93},"branches":{"total":110,"covered":82,"skipped":0,"pct":74.54}}
,"/Users/simun/Code/consensus-builder/backend/routes/parcels.js": {"lines":{"total":988,"covered":817,"skipped":0,"pct":82.69},"functions":{"total":25,"covered":25,"skipped":0,"pct":100},"statements":{"total":988,"covered":817,"skipped":0,"pct":82.69},"branches":{"total":279,"covered":172,"skipped":0,"pct":61.64}}
,"/Users/simun/Code/consensus-builder/backend/routes/planned-roads.js": {"lines":{"total":89,"covered":89,"skipped":0,"pct":100},"functions":{"total":1,"covered":1,"skipped":0,"pct":100},"statements":{"total":89,"covered":89,"skipped":0,"pct":100},"branches":{"total":24,"covered":23,"skipped":0,"pct":95.83}}
,"/Users/simun/Code/consensus-builder/backend/routes/proposals.js": {"lines":{"total":564,"covered":546,"skipped":0,"pct":96.8},"functions":{"total":6,"covered":6,"skipped":0,"pct":100},"statements":{"total":564,"covered":546,"skipped":0,"pct":96.8},"branches":{"total":203,"covered":134,"skipped":0,"pct":66}}
,"/Users/simun/Code/consensus-builder/backend/routes/streets.js": {"lines":{"total":35,"covered":35,"skipped":0,"pct":100},"functions":{"total":1,"covered":1,"skipped":0,"pct":100},"statements":{"total":35,"covered":35,"skipped":0,"pct":100},"branches":{"total":11,"covered":10,"skipped":0,"pct":90.9}}
,"/Users/simun/Code/consensus-builder/backend/routes/urban-rules.js": {"lines":{"total":260,"covered":256,"skipped":0,"pct":98.46},"functions":{"total":2,"covered":2,"skipped":0,"pct":100},"statements":{"total":260,"covered":256,"skipped":0,"pct":98.46},"branches":{"total":55,"covered":49,"skipped":0,"pct":89.09}}
,"/Users/simun/Code/consensus-builder/backend/utils/helpers.js": {"lines":{"total":150,"covered":150,"skipped":0,"pct":100},"functions":{"total":11,"covered":11,"skipped":0,"pct":100},"statements":{"total":150,"covered":150,"skipped":0,"pct":100},"branches":{"total":60,"covered":56,"skipped":0,"pct":93.33}}
,"/Users/simun/Code/consensus-builder/backend/utils/request-validation.js": {"lines":{"total":225,"covered":195,"skipped":0,"pct":86.66},"functions":{"total":15,"covered":15,"skipped":0,"pct":100},"statements":{"total":225,"covered":195,"skipped":0,"pct":86.66},"branches":{"total":111,"covered":84,"skipped":0,"pct":75.67}}
}
